<?xml version="1.0" encoding="UTF-8"?>
<!-- Generated by org.testng.reporters.JUnitXMLReporter -->
<testsuite hostname="FVFY201PHV2H" name="Test02" tests="2" failures="1" timestamp="21 May 2020 04:04:36 GMT" time="16.342" errors="0">
  <testcase name="verifySelectedFilterOptions" time="2.315" classname="StudentRequests.TC02_Filter_InactiveRequestsTest"/>
  <testcase name="verifyFilterRequestsResult" time="0.401" classname="StudentRequests.TC02_Filter_InactiveRequestsTest">
    <failure type="java.lang.AssertionError" message="expected [true] but found [false]">
      <![CDATA[java.lang.AssertionError: expected [true] but found [false]
	at StudentRequests.TC02_Filter_InactiveRequestsTest.verifyFilterRequestsResult(TC02_Filter_InactiveRequestsTest.java:26)
... Removed 28 stack frames]]>
    </failure>
  </testcase> <!-- verifyFilterRequestsResult -->
</testsuite> <!-- Test02 -->
