<?xml version="1.0" encoding="UTF-8"?>
<testng-results skipped="0" failed="0" total="1" passed="1">
  <reporter-output>
    <line>
      <![CDATA[Approved
11/08/2019 01:47 PM
test+giapios@karrostech.com
111318 KIMBER MICHALSON
08/13/2012
SYSTEM<p>]]>
    </line>
    <line>
      <![CDATA[Approved
11/08/2019 01:47 PM
test+thai@karrostech.com
109763 NATHANIAL GRUEL
03/17/2002
SYSTEM<p>]]>
    </line>
    <line>
      <![CDATA[Approved
Invalid date
test+thai@karrostech.com
113186 MARILYN SCHLEINING
10/22/2012
SYSTEM<p>]]>
    </line>
    <line>
      <![CDATA[Approved
11/02/2019 01:47 PM
test+thai@karrostech.com
25231 DEVIN HERNANDEZ
09/14/2001
SYSTEM<p>]]>
    </line>
    <line>
      <![CDATA[Approved
11/01/2019 01:47 PM
test+thai@karrostech.com
112364 VINCENT MONTOYA
05/07/2010
SYSTEM<p>]]>
    </line>
    <line>
      <![CDATA[Approved
10/08/2019 01:47 PM
test+thai@karrostech.com
106015 GAVIN HICKAM
10/22/2007
SYSTEM<p>]]>
    </line>
  </reporter-output>
  <suite name="Default suite" duration-ms="11140" started-at="2020-05-21T06:47:00Z" finished-at="2020-05-21T06:47:12Z">
    <groups>
    </groups>
    <test name="Default test" duration-ms="11140" started-at="2020-05-21T06:47:00Z" finished-at="2020-05-21T06:47:12Z">
      <class name="StudentRequests.TC04_xPathApprovedRequestsin2019">
        <test-method status="PASS" signature="startBrowser()[pri:0, instance:StudentRequests.TC04_xPathApprovedRequestsin2019@2aece37d]" name="startBrowser" is-config="true" duration-ms="8143" started-at="2020-05-21T13:47:01Z" finished-at="2020-05-21T13:47:09Z">
          <reporter-output>
          </reporter-output>
        </test-method> <!-- startBrowser -->
        <test-method status="PASS" signature="verifySelectedFilterOptions()[pri:0, instance:StudentRequests.TC04_xPathApprovedRequestsin2019@2aece37d]" name="verifySelectedFilterOptions" duration-ms="1210" started-at="2020-05-21T13:47:09Z" finished-at="2020-05-21T13:47:10Z">
          <reporter-output>
            <line>
              <![CDATA[Approved
11/08/2019 01:47 PM
test+giapios@karrostech.com
111318 KIMBER MICHALSON
08/13/2012
SYSTEM<p>]]>
            </line>
            <line>
              <![CDATA[Approved
11/08/2019 01:47 PM
test+thai@karrostech.com
109763 NATHANIAL GRUEL
03/17/2002
SYSTEM<p>]]>
            </line>
            <line>
              <![CDATA[Approved
Invalid date
test+thai@karrostech.com
113186 MARILYN SCHLEINING
10/22/2012
SYSTEM<p>]]>
            </line>
            <line>
              <![CDATA[Approved
11/02/2019 01:47 PM
test+thai@karrostech.com
25231 DEVIN HERNANDEZ
09/14/2001
SYSTEM<p>]]>
            </line>
            <line>
              <![CDATA[Approved
11/01/2019 01:47 PM
test+thai@karrostech.com
112364 VINCENT MONTOYA
05/07/2010
SYSTEM<p>]]>
            </line>
            <line>
              <![CDATA[Approved
10/08/2019 01:47 PM
test+thai@karrostech.com
106015 GAVIN HICKAM
10/22/2007
SYSTEM<p>]]>
            </line>
          </reporter-output>
        </test-method> <!-- verifySelectedFilterOptions -->
        <test-method status="PASS" signature="endBrowser()[pri:0, instance:StudentRequests.TC04_xPathApprovedRequestsin2019@2aece37d]" name="endBrowser" is-config="true" duration-ms="1776" started-at="2020-05-21T13:47:10Z" finished-at="2020-05-21T13:47:12Z">
          <reporter-output>
          </reporter-output>
        </test-method> <!-- endBrowser -->
      </class> <!-- StudentRequests.TC04_xPathApprovedRequestsin2019 -->
    </test> <!-- Default test -->
  </suite> <!-- Default suite -->
</testng-results>
